[debug] ----------------------------------------------------------------------
[debug] Command:      /usr/local/Cellar/node/6.2.1/bin/node /usr/local/bin/firebase serve
[debug] Platform:     darwin
[debug] Node Version: v6.2.1
[debug] Time:         Sun Jun 12 2016 06:46:31 GMT-0600 (MDT)
[debug] ----------------------------------------------------------------------
[debug]
[info] Listening at http://localhost:5000
[debug] ----------------------------------------------------------------------
[debug] Command:      /usr/local/Cellar/node/6.2.1/bin/node /usr/local/bin/firebase serve
[debug] CLI Version:  3.0.2
[debug] Platform:     darwin
[debug] Node Version: v6.2.1
[debug] Time:         Sun Jun 19 2016 15:29:15 GMT-0600 (MDT)
[debug] ----------------------------------------------------------------------
[debug]
[warn] ⚠  "firebase" key in firebase.json is deprecated. Run firebase use --add instead
[info] Starting Firebase development server...
[info]
[info] Project Directory: /Users/matthewbouchard/Documents/workspace/q3/new_reddit/client/app
[debug] TypeError: Cannot read property 'public' of undefined
    at Server.<anonymous> (/usr/local/lib/node_modules/firebase-tools/commands/serve.js:24:15)
    at Server.g (events.js:286:16)
    at emitNone (events.js:86:13)
    at Server.emit (events.js:185:7)
    at emitListeningNT (net.js:1279:10)
    at _combinedTickCallback (internal/process/next_tick.js:71:11)
    at process._tickCallback (internal/process/next_tick.js:98:9)
[error]
[error] Error: An unexpected error has occurred.
